log (Monday 26th of December 2016 05:32:40 PM): run_openvas req targets = 127.0.0.1
log (Monday 26th of December 2016 05:32:40 PM): run_openvas configid = b8481cfe-7183-41a9-b5ed-01502949131d
log (Monday 26th of December 2016 05:55:12 PM): alert scan id = 593
log (Monday 26th of December 2016 05:55:49 PM): cmd = '/usr/local/bin/omp --get-report 7410f3a2-3d85-491e-b77d-9b8ad1f58598 --format a994b278-1f62-11e1-96ac-406186ea4fc5 -u admin -w 07da0873-747d-463f-960f-b7cec649d584 -p 9393'
log (Monday 26th of December 2016 05:55:49 PM): not empty
log (Monday 26th of December 2016 05:55:49 PM): vulnerable target = 2
log (Monday 26th of December 2016 07:21:42 PM): alert scan id = 593
log (Monday 26th of December 2016 07:21:43 PM): cmd = '/usr/local/bin/omp --get-report 7410f3a2-3d85-491e-b77d-9b8ad1f58598 --format a994b278-1f62-11e1-96ac-406186ea4fc5 -u admin -w 07da0873-747d-463f-960f-b7cec649d584 -p 9393'
log (Monday 26th of December 2016 07:21:43 PM): not empty
log (Monday 26th of December 2016 07:21:43 PM): vulnerable target = 2
log (Monday 26th of December 2016 07:21:43 PM): erreur web service = Nom invalide (entre 2 et 20 caractères maximum)
log (Monday 26th of December 2016 07:21:43 PM): vulnerable target = 2
log (Monday 26th of December 2016 07:21:43 PM): erreur web service = Nom invalide (entre 2 et 20 caractères maximum)
log (Monday 26th of December 2016 07:21:43 PM): vulnerable target = 2
log (Monday 26th of December 2016 07:21:44 PM): erreur web service = Nom invalide (entre 2 et 20 caractères maximum)
log (Monday 26th of December 2016 07:21:44 PM): vulnerable target = 2
log (Monday 26th of December 2016 07:21:45 PM): vulnerable target = 2
log (Monday 26th of December 2016 07:21:45 PM): erreur web service = Nom invalide (entre 2 et 20 caractères maximum)
log (Monday 26th of December 2016 07:21:45 PM): vulnerable target = 2
log (Monday 26th of December 2016 07:21:45 PM): erreur web service = Nom invalide (entre 2 et 20 caractères maximum)
log (Monday 26th of December 2016 07:22:59 PM): alert scan id = 593
log (Monday 26th of December 2016 07:23:00 PM): cmd = '/usr/local/bin/omp --get-report 7410f3a2-3d85-491e-b77d-9b8ad1f58598 --format a994b278-1f62-11e1-96ac-406186ea4fc5 -u admin -w 07da0873-747d-463f-960f-b7cec649d584 -p 9393'
log (Monday 26th of December 2016 07:23:00 PM): not empty
log (Monday 26th of December 2016 07:23:00 PM): vulnerable target = 2
log (Monday 26th of December 2016 07:23:01 PM): vulnerable target = 2
log (Monday 26th of December 2016 07:23:02 PM): vulnerable target = 2
log (Monday 26th of December 2016 07:23:03 PM): vulnerable target = 2
log (Monday 26th of December 2016 07:23:05 PM): vulnerable target = 2
log (Monday 26th of December 2016 07:23:06 PM): vulnerable target = 2
log (Monday 26th of December 2016 07:24:09 PM): alert scan id = 593
log (Monday 26th of December 2016 07:24:10 PM): cmd = '/usr/local/bin/omp --get-report 7410f3a2-3d85-491e-b77d-9b8ad1f58598 --format a994b278-1f62-11e1-96ac-406186ea4fc5 -u admin -w 07da0873-747d-463f-960f-b7cec649d584 -p 9393'
log (Monday 26th of December 2016 07:24:10 PM): not empty
log (Monday 26th of December 2016 07:24:10 PM): vulnerable target = 2
log (Monday 26th of December 2016 07:24:11 PM): vulnerable target = 2
log (Monday 26th of December 2016 07:24:12 PM): vulnerable target = 2
log (Monday 26th of December 2016 07:24:13 PM): vulnerable target = 2
log (Monday 26th of December 2016 07:24:14 PM): vulnerable target = 2
log (Monday 26th of December 2016 07:24:16 PM): vulnerable target = 2
log (Monday 26th of December 2016 07:26:29 PM): alert scan id = 593
log (Monday 26th of December 2016 07:26:30 PM): cmd = '/usr/local/bin/omp --get-report 7410f3a2-3d85-491e-b77d-9b8ad1f58598 --format a994b278-1f62-11e1-96ac-406186ea4fc5 -u admin -w 07da0873-747d-463f-960f-b7cec649d584 -p 9393'
log (Monday 26th of December 2016 07:26:30 PM): not empty
log (Monday 26th of December 2016 07:26:30 PM): vulnerable target = 2
log (Monday 26th of December 2016 07:26:30 PM): erreur web service = Objet existant dans la base
log (Monday 26th of December 2016 07:26:30 PM): vulnerable target = 2
log (Monday 26th of December 2016 07:26:30 PM): erreur web service = Objet existant dans la base
log (Monday 26th of December 2016 07:26:30 PM): vulnerable target = 2
log (Monday 26th of December 2016 07:26:30 PM): erreur web service = Objet existant dans la base
log (Monday 26th of December 2016 07:26:30 PM): vulnerable target = 2
log (Monday 26th of December 2016 07:26:30 PM): erreur web service = Objet existant dans la base
log (Monday 26th of December 2016 07:26:30 PM): vulnerable target = 2
log (Monday 26th of December 2016 07:26:30 PM): erreur web service = Objet existant dans la base
log (Monday 26th of December 2016 07:26:30 PM): vulnerable target = 2
log (Monday 26th of December 2016 07:26:30 PM): erreur web service = Objet existant dans la base
log (Monday 26th of December 2016 07:27:58 PM): alert scan id = 593
log (Monday 26th of December 2016 07:27:59 PM): cmd = '/usr/local/bin/omp --get-report 7410f3a2-3d85-491e-b77d-9b8ad1f58598 --format a994b278-1f62-11e1-96ac-406186ea4fc5 -u admin -w 07da0873-747d-463f-960f-b7cec649d584 -p 9393'
log (Monday 26th of December 2016 07:27:59 PM): not empty
log (Monday 26th of December 2016 07:27:59 PM): vulnerable target = 2
log (Monday 26th of December 2016 07:28:00 PM): erreur web service = Objet existant dans la base
log (Monday 26th of December 2016 07:28:00 PM): vulnerable target = 2
log (Monday 26th of December 2016 07:28:00 PM): erreur web service = Objet existant dans la base
log (Monday 26th of December 2016 07:28:00 PM): vulnerable target = 2
log (Monday 26th of December 2016 07:28:00 PM): erreur web service = Objet existant dans la base
log (Monday 26th of December 2016 07:28:00 PM): vulnerable target = 2
log (Monday 26th of December 2016 07:28:00 PM): erreur web service = Objet existant dans la base
log (Monday 26th of December 2016 07:28:00 PM): vulnerable target = 2
log (Monday 26th of December 2016 07:28:00 PM): erreur web service = Objet existant dans la base
log (Monday 26th of December 2016 07:28:00 PM): vulnerable target = 2
log (Monday 26th of December 2016 07:28:00 PM): erreur web service = Objet existant dans la base
log (Monday 26th of December 2016 07:32:17 PM): run_openvas req targets = 127.0.0.1
log (Monday 26th of December 2016 07:32:17 PM): run_openvas configid = b8481cfe-7183-41a9-b5ed-01502949131d
log (Wednesday 28th of December 2016 02:29:57 PM): run_openvas configid = b8481cfe-7183-41a9-b5ed-01502949131d
log (Wednesday 28th of December 2016 02:30:00 PM): error /usr/local/bin/omp -u admin -w 07da0873-747d-463f-960f-b7cec649d584 -p 9393 --xml='<create_target><name>webissue1023</name><hosts>127.0.0.1,127.0.0.1</hosts></create_target>' create target = 
log (Wednesday 28th of December 2016 02:30:28 PM): run_openvas configid = b8481cfe-7183-41a9-b5ed-01502949131d
log (Wednesday 28th of December 2016 02:30:29 PM): error /usr/local/bin/omp -u admin -w 07da0873-747d-463f-960f-b7cec649d584 -p 9393 --xml='<create_target><name>webissue1029</name><hosts>127.0.0.1,127.0.0.1</hosts></create_target>' create target = 
log (Wednesday 28th of December 2016 02:31:39 PM): run_openvas configid = b8481cfe-7183-41a9-b5ed-01502949131d
log (Wednesday 28th of December 2016 02:59:33 PM): Objet existant dans la base
log (Wednesday 28th of December 2016 02:59:33 PM): Objet existant dans la base
