log (Wednesday 22nd of July 2020 12:50:17 PM): coucou = Array
log (Wednesday 22nd of July 2020 12:50:17 PM): getAttributeTypesForIssueType = Array
(
    [0] => Array
        (
            [attr_id] => 110
            [attr_name] => cve
            [attr_def] => TEXT multi-line=1 min-length=1 max-length=1000 required=0 default=""
        )

    [1] => Array
        (
            [attr_id] => 111
            [attr_name] => cwe
            [attr_def] => TEXT multi-line=1 min-length=1 max-length=1000 required=0 default=""
        )

    [2] => Array
        (
            [attr_id] => 109
            [attr_name] => target
            [attr_def] => TEXT multi-line=1 min-length=1 max-length=1000 required=0 default=""
        )

)

log (Wednesday 22nd of July 2020 12:50:19 PM): coucou = Array
log (Wednesday 22nd of July 2020 12:50:19 PM): getAttributeTypesForIssueType = Array
(
    [0] => Array
        (
            [attr_id] => 110
            [attr_name] => cve
            [attr_def] => TEXT multi-line=1 min-length=1 max-length=1000 required=0 default=""
        )

    [1] => Array
        (
            [attr_id] => 111
            [attr_name] => cwe
            [attr_def] => TEXT multi-line=1 min-length=1 max-length=1000 required=0 default=""
        )

    [2] => Array
        (
            [attr_id] => 109
            [attr_name] => target
            [attr_def] => TEXT multi-line=1 min-length=1 max-length=1000 required=0 default=""
        )

)

log (Wednesday 22nd of July 2020 12:50:20 PM): coucou = Array
log (Wednesday 22nd of July 2020 12:50:20 PM): getAttributeTypesForIssueType = Array
(
    [0] => Array
        (
            [attr_id] => 110
            [attr_name] => cve
            [attr_def] => TEXT multi-line=1 min-length=1 max-length=1000 required=0 default=""
        )

    [1] => Array
        (
            [attr_id] => 111
            [attr_name] => cwe
            [attr_def] => TEXT multi-line=1 min-length=1 max-length=1000 required=0 default=""
        )

    [2] => Array
        (
            [attr_id] => 109
            [attr_name] => target
            [attr_def] => TEXT multi-line=1 min-length=1 max-length=1000 required=0 default=""
        )

)

log (Wednesday 22nd of July 2020 12:50:20 PM): coucou = Array
log (Wednesday 22nd of July 2020 12:50:20 PM): getAttributeTypesForIssueType = Array
(
    [0] => Array
        (
            [attr_id] => 110
            [attr_name] => cve
            [attr_def] => TEXT multi-line=1 min-length=1 max-length=1000 required=0 default=""
        )

    [1] => Array
        (
            [attr_id] => 111
            [attr_name] => cwe
            [attr_def] => TEXT multi-line=1 min-length=1 max-length=1000 required=0 default=""
        )

    [2] => Array
        (
            [attr_id] => 109
            [attr_name] => target
            [attr_def] => TEXT multi-line=1 min-length=1 max-length=1000 required=0 default=""
        )

)

log (Wednesday 22nd of July 2020 12:50:20 PM): coucou = Array
log (Wednesday 22nd of July 2020 12:50:20 PM): getAttributeTypesForIssueType = Array
(
    [0] => Array
        (
            [attr_id] => 110
            [attr_name] => cve
            [attr_def] => TEXT multi-line=1 min-length=1 max-length=1000 required=0 default=""
        )

    [1] => Array
        (
            [attr_id] => 111
            [attr_name] => cwe
            [attr_def] => TEXT multi-line=1 min-length=1 max-length=1000 required=0 default=""
        )

    [2] => Array
        (
            [attr_id] => 109
            [attr_name] => target
            [attr_def] => TEXT multi-line=1 min-length=1 max-length=1000 required=0 default=""
        )

)

log (Wednesday 22nd of July 2020 12:50:20 PM): coucou = Array
log (Wednesday 22nd of July 2020 12:50:20 PM): getAttributeTypesForIssueType = Array
(
    [0] => Array
        (
            [attr_id] => 110
            [attr_name] => cve
            [attr_def] => TEXT multi-line=1 min-length=1 max-length=1000 required=0 default=""
        )

    [1] => Array
        (
            [attr_id] => 111
            [attr_name] => cwe
            [attr_def] => TEXT multi-line=1 min-length=1 max-length=1000 required=0 default=""
        )

    [2] => Array
        (
            [attr_id] => 109
            [attr_name] => target
            [attr_def] => TEXT multi-line=1 min-length=1 max-length=1000 required=0 default=""
        )

)

log (Wednesday 22nd of July 2020 12:50:21 PM): coucou = Array
log (Wednesday 22nd of July 2020 12:50:21 PM): getAttributeTypesForIssueType = Array
(
    [0] => Array
        (
            [attr_id] => 110
            [attr_name] => cve
            [attr_def] => TEXT multi-line=1 min-length=1 max-length=1000 required=0 default=""
        )

    [1] => Array
        (
            [attr_id] => 111
            [attr_name] => cwe
            [attr_def] => TEXT multi-line=1 min-length=1 max-length=1000 required=0 default=""
        )

    [2] => Array
        (
            [attr_id] => 109
            [attr_name] => target
            [attr_def] => TEXT multi-line=1 min-length=1 max-length=1000 required=0 default=""
        )

)

log (Wednesday 22nd of July 2020 12:50:22 PM): coucou = Array
log (Wednesday 22nd of July 2020 12:50:22 PM): getAttributeTypesForIssueType = Array
(
    [0] => Array
        (
            [attr_id] => 110
            [attr_name] => cve
            [attr_def] => TEXT multi-line=1 min-length=1 max-length=1000 required=0 default=""
        )

    [1] => Array
        (
            [attr_id] => 111
            [attr_name] => cwe
            [attr_def] => TEXT multi-line=1 min-length=1 max-length=1000 required=0 default=""
        )

    [2] => Array
        (
            [attr_id] => 109
            [attr_name] => target
            [attr_def] => TEXT multi-line=1 min-length=1 max-length=1000 required=0 default=""
        )

)

log (Wednesday 22nd of July 2020 12:50:23 PM): coucou = Array
log (Wednesday 22nd of July 2020 12:50:23 PM): getAttributeTypesForIssueType = Array
(
    [0] => Array
        (
            [attr_id] => 110
            [attr_name] => cve
            [attr_def] => TEXT multi-line=1 min-length=1 max-length=1000 required=0 default=""
        )

    [1] => Array
        (
            [attr_id] => 111
            [attr_name] => cwe
            [attr_def] => TEXT multi-line=1 min-length=1 max-length=1000 required=0 default=""
        )

    [2] => Array
        (
            [attr_id] => 109
            [attr_name] => target
            [attr_def] => TEXT multi-line=1 min-length=1 max-length=1000 required=0 default=""
        )

)

log (Wednesday 22nd of July 2020 12:50:24 PM): coucou = Array
log (Wednesday 22nd of July 2020 12:50:24 PM): getAttributeTypesForIssueType = Array
(
    [0] => Array
        (
            [attr_id] => 110
            [attr_name] => cve
            [attr_def] => TEXT multi-line=1 min-length=1 max-length=1000 required=0 default=""
        )

    [1] => Array
        (
            [attr_id] => 111
            [attr_name] => cwe
            [attr_def] => TEXT multi-line=1 min-length=1 max-length=1000 required=0 default=""
        )

    [2] => Array
        (
            [attr_id] => 109
            [attr_name] => target
            [attr_def] => TEXT multi-line=1 min-length=1 max-length=1000 required=0 default=""
        )

)

log (Wednesday 22nd of July 2020 12:58:57 PM): coucou = Array
log (Wednesday 22nd of July 2020 12:58:57 PM): getAttributeTypesForIssueType = Array
(
    [0] => Array
        (
            [attr_id] => 110
            [attr_name] => cve
            [attr_def] => TEXT multi-line=1 min-length=1 max-length=1000 required=0 default=""
        )

    [1] => Array
        (
            [attr_id] => 111
            [attr_name] => cwe
            [attr_def] => TEXT multi-line=1 min-length=1 max-length=1000 required=0 default=""
        )

    [2] => Array
        (
            [attr_id] => 109
            [attr_name] => target
            [attr_def] => TEXT multi-line=1 min-length=1 max-length=1000 required=0 default=""
        )

)

log (Wednesday 22nd of July 2020 12:58:58 PM): coucou = Array
log (Wednesday 22nd of July 2020 12:58:58 PM): getAttributeTypesForIssueType = Array
(
    [0] => Array
        (
            [attr_id] => 110
            [attr_name] => cve
            [attr_def] => TEXT multi-line=1 min-length=1 max-length=1000 required=0 default=""
        )

    [1] => Array
        (
            [attr_id] => 111
            [attr_name] => cwe
            [attr_def] => TEXT multi-line=1 min-length=1 max-length=1000 required=0 default=""
        )

    [2] => Array
        (
            [attr_id] => 109
            [attr_name] => target
            [attr_def] => TEXT multi-line=1 min-length=1 max-length=1000 required=0 default=""
        )

)

log (Wednesday 22nd of July 2020 12:58:59 PM): coucou = Array
log (Wednesday 22nd of July 2020 12:58:59 PM): getAttributeTypesForIssueType = Array
(
    [0] => Array
        (
            [attr_id] => 110
            [attr_name] => cve
            [attr_def] => TEXT multi-line=1 min-length=1 max-length=1000 required=0 default=""
        )

    [1] => Array
        (
            [attr_id] => 111
            [attr_name] => cwe
            [attr_def] => TEXT multi-line=1 min-length=1 max-length=1000 required=0 default=""
        )

    [2] => Array
        (
            [attr_id] => 109
            [attr_name] => target
            [attr_def] => TEXT multi-line=1 min-length=1 max-length=1000 required=0 default=""
        )

)

log (Wednesday 22nd of July 2020 12:59:00 PM): coucou = Array
log (Wednesday 22nd of July 2020 12:59:00 PM): getAttributeTypesForIssueType = Array
(
    [0] => Array
        (
            [attr_id] => 110
            [attr_name] => cve
            [attr_def] => TEXT multi-line=1 min-length=1 max-length=1000 required=0 default=""
        )

    [1] => Array
        (
            [attr_id] => 111
            [attr_name] => cwe
            [attr_def] => TEXT multi-line=1 min-length=1 max-length=1000 required=0 default=""
        )

    [2] => Array
        (
            [attr_id] => 109
            [attr_name] => target
            [attr_def] => TEXT multi-line=1 min-length=1 max-length=1000 required=0 default=""
        )

)

log (Wednesday 22nd of July 2020 12:59:00 PM): coucou = Array
log (Wednesday 22nd of July 2020 12:59:00 PM): getAttributeTypesForIssueType = Array
(
    [0] => Array
        (
            [attr_id] => 110
            [attr_name] => cve
            [attr_def] => TEXT multi-line=1 min-length=1 max-length=1000 required=0 default=""
        )

    [1] => Array
        (
            [attr_id] => 111
            [attr_name] => cwe
            [attr_def] => TEXT multi-line=1 min-length=1 max-length=1000 required=0 default=""
        )

    [2] => Array
        (
            [attr_id] => 109
            [attr_name] => target
            [attr_def] => TEXT multi-line=1 min-length=1 max-length=1000 required=0 default=""
        )

)

log (Wednesday 22nd of July 2020 12:59:00 PM): coucou = Array
log (Wednesday 22nd of July 2020 12:59:00 PM): getAttributeTypesForIssueType = Array
(
    [0] => Array
        (
            [attr_id] => 110
            [attr_name] => cve
            [attr_def] => TEXT multi-line=1 min-length=1 max-length=1000 required=0 default=""
        )

    [1] => Array
        (
            [attr_id] => 111
            [attr_name] => cwe
            [attr_def] => TEXT multi-line=1 min-length=1 max-length=1000 required=0 default=""
        )

    [2] => Array
        (
            [attr_id] => 109
            [attr_name] => target
            [attr_def] => TEXT multi-line=1 min-length=1 max-length=1000 required=0 default=""
        )

)

log (Wednesday 22nd of July 2020 12:59:01 PM): coucou = Array
log (Wednesday 22nd of July 2020 12:59:01 PM): getAttributeTypesForIssueType = Array
(
    [0] => Array
        (
            [attr_id] => 110
            [attr_name] => cve
            [attr_def] => TEXT multi-line=1 min-length=1 max-length=1000 required=0 default=""
        )

    [1] => Array
        (
            [attr_id] => 111
            [attr_name] => cwe
            [attr_def] => TEXT multi-line=1 min-length=1 max-length=1000 required=0 default=""
        )

    [2] => Array
        (
            [attr_id] => 109
            [attr_name] => target
            [attr_def] => TEXT multi-line=1 min-length=1 max-length=1000 required=0 default=""
        )

)

log (Wednesday 22nd of July 2020 12:59:02 PM): coucou = Array
log (Wednesday 22nd of July 2020 12:59:02 PM): getAttributeTypesForIssueType = Array
(
    [0] => Array
        (
            [attr_id] => 110
            [attr_name] => cve
            [attr_def] => TEXT multi-line=1 min-length=1 max-length=1000 required=0 default=""
        )

    [1] => Array
        (
            [attr_id] => 111
            [attr_name] => cwe
            [attr_def] => TEXT multi-line=1 min-length=1 max-length=1000 required=0 default=""
        )

    [2] => Array
        (
            [attr_id] => 109
            [attr_name] => target
            [attr_def] => TEXT multi-line=1 min-length=1 max-length=1000 required=0 default=""
        )

)

log (Wednesday 22nd of July 2020 12:59:03 PM): coucou = Array
log (Wednesday 22nd of July 2020 12:59:03 PM): getAttributeTypesForIssueType = Array
(
    [0] => Array
        (
            [attr_id] => 110
            [attr_name] => cve
            [attr_def] => TEXT multi-line=1 min-length=1 max-length=1000 required=0 default=""
        )

    [1] => Array
        (
            [attr_id] => 111
            [attr_name] => cwe
            [attr_def] => TEXT multi-line=1 min-length=1 max-length=1000 required=0 default=""
        )

    [2] => Array
        (
            [attr_id] => 109
            [attr_name] => target
            [attr_def] => TEXT multi-line=1 min-length=1 max-length=1000 required=0 default=""
        )

)

log (Wednesday 22nd of July 2020 12:59:04 PM): coucou = Array
log (Wednesday 22nd of July 2020 12:59:04 PM): getAttributeTypesForIssueType = Array
(
    [0] => Array
        (
            [attr_id] => 110
            [attr_name] => cve
            [attr_def] => TEXT multi-line=1 min-length=1 max-length=1000 required=0 default=""
        )

    [1] => Array
        (
            [attr_id] => 111
            [attr_name] => cwe
            [attr_def] => TEXT multi-line=1 min-length=1 max-length=1000 required=0 default=""
        )

    [2] => Array
        (
            [attr_id] => 109
            [attr_name] => target
            [attr_def] => TEXT multi-line=1 min-length=1 max-length=1000 required=0 default=""
        )

)

log (Wednesday 22nd of July 2020 01:03:09 PM): coucou = Array
log (Wednesday 22nd of July 2020 01:03:09 PM): getAttributeTypesForIssueType = Array
(
    [0] => Array
        (
            [attr_id] => 110
            [attr_name] => cve
            [attr_def] => TEXT multi-line=1 min-length=1 max-length=1000 required=0 default=""
        )

    [1] => Array
        (
            [attr_id] => 111
            [attr_name] => cwe
            [attr_def] => TEXT multi-line=1 min-length=1 max-length=1000 required=0 default=""
        )

    [2] => Array
        (
            [attr_id] => 109
            [attr_name] => target
            [attr_def] => TEXT multi-line=1 min-length=1 max-length=1000 required=0 default=""
        )

)

log (Wednesday 22nd of July 2020 01:03:10 PM): coucou = Array
log (Wednesday 22nd of July 2020 01:03:10 PM): getAttributeTypesForIssueType = Array
(
    [0] => Array
        (
            [attr_id] => 110
            [attr_name] => cve
            [attr_def] => TEXT multi-line=1 min-length=1 max-length=1000 required=0 default=""
        )

    [1] => Array
        (
            [attr_id] => 111
            [attr_name] => cwe
            [attr_def] => TEXT multi-line=1 min-length=1 max-length=1000 required=0 default=""
        )

    [2] => Array
        (
            [attr_id] => 109
            [attr_name] => target
            [attr_def] => TEXT multi-line=1 min-length=1 max-length=1000 required=0 default=""
        )

)

log (Wednesday 22nd of July 2020 01:03:11 PM): coucou = Array
log (Wednesday 22nd of July 2020 01:03:11 PM): getAttributeTypesForIssueType = Array
(
    [0] => Array
        (
            [attr_id] => 110
            [attr_name] => cve
            [attr_def] => TEXT multi-line=1 min-length=1 max-length=1000 required=0 default=""
        )

    [1] => Array
        (
            [attr_id] => 111
            [attr_name] => cwe
            [attr_def] => TEXT multi-line=1 min-length=1 max-length=1000 required=0 default=""
        )

    [2] => Array
        (
            [attr_id] => 109
            [attr_name] => target
            [attr_def] => TEXT multi-line=1 min-length=1 max-length=1000 required=0 default=""
        )

)

log (Wednesday 22nd of July 2020 01:03:12 PM): coucou = Array
log (Wednesday 22nd of July 2020 01:03:12 PM): getAttributeTypesForIssueType = Array
(
    [0] => Array
        (
            [attr_id] => 110
            [attr_name] => cve
            [attr_def] => TEXT multi-line=1 min-length=1 max-length=1000 required=0 default=""
        )

    [1] => Array
        (
            [attr_id] => 111
            [attr_name] => cwe
            [attr_def] => TEXT multi-line=1 min-length=1 max-length=1000 required=0 default=""
        )

    [2] => Array
        (
            [attr_id] => 109
            [attr_name] => target
            [attr_def] => TEXT multi-line=1 min-length=1 max-length=1000 required=0 default=""
        )

)

log (Wednesday 22nd of July 2020 01:03:12 PM): coucou = Array
log (Wednesday 22nd of July 2020 01:03:12 PM): getAttributeTypesForIssueType = Array
(
    [0] => Array
        (
            [attr_id] => 110
            [attr_name] => cve
            [attr_def] => TEXT multi-line=1 min-length=1 max-length=1000 required=0 default=""
        )

    [1] => Array
        (
            [attr_id] => 111
            [attr_name] => cwe
            [attr_def] => TEXT multi-line=1 min-length=1 max-length=1000 required=0 default=""
        )

    [2] => Array
        (
            [attr_id] => 109
            [attr_name] => target
            [attr_def] => TEXT multi-line=1 min-length=1 max-length=1000 required=0 default=""
        )

)

log (Wednesday 22nd of July 2020 01:03:12 PM): coucou = Array
log (Wednesday 22nd of July 2020 01:03:12 PM): getAttributeTypesForIssueType = Array
(
    [0] => Array
        (
            [attr_id] => 110
            [attr_name] => cve
            [attr_def] => TEXT multi-line=1 min-length=1 max-length=1000 required=0 default=""
        )

    [1] => Array
        (
            [attr_id] => 111
            [attr_name] => cwe
            [attr_def] => TEXT multi-line=1 min-length=1 max-length=1000 required=0 default=""
        )

    [2] => Array
        (
            [attr_id] => 109
            [attr_name] => target
            [attr_def] => TEXT multi-line=1 min-length=1 max-length=1000 required=0 default=""
        )

)

log (Wednesday 22nd of July 2020 01:03:13 PM): coucou = Array
log (Wednesday 22nd of July 2020 01:03:13 PM): getAttributeTypesForIssueType = Array
(
    [0] => Array
        (
            [attr_id] => 110
            [attr_name] => cve
            [attr_def] => TEXT multi-line=1 min-length=1 max-length=1000 required=0 default=""
        )

    [1] => Array
        (
            [attr_id] => 111
            [attr_name] => cwe
            [attr_def] => TEXT multi-line=1 min-length=1 max-length=1000 required=0 default=""
        )

    [2] => Array
        (
            [attr_id] => 109
            [attr_name] => target
            [attr_def] => TEXT multi-line=1 min-length=1 max-length=1000 required=0 default=""
        )

)

log (Wednesday 22nd of July 2020 01:03:14 PM): coucou = Array
log (Wednesday 22nd of July 2020 01:03:14 PM): getAttributeTypesForIssueType = Array
(
    [0] => Array
        (
            [attr_id] => 110
            [attr_name] => cve
            [attr_def] => TEXT multi-line=1 min-length=1 max-length=1000 required=0 default=""
        )

    [1] => Array
        (
            [attr_id] => 111
            [attr_name] => cwe
            [attr_def] => TEXT multi-line=1 min-length=1 max-length=1000 required=0 default=""
        )

    [2] => Array
        (
            [attr_id] => 109
            [attr_name] => target
            [attr_def] => TEXT multi-line=1 min-length=1 max-length=1000 required=0 default=""
        )

)

log (Wednesday 22nd of July 2020 01:03:15 PM): coucou = Array
log (Wednesday 22nd of July 2020 01:03:15 PM): getAttributeTypesForIssueType = Array
(
    [0] => Array
        (
            [attr_id] => 110
            [attr_name] => cve
            [attr_def] => TEXT multi-line=1 min-length=1 max-length=1000 required=0 default=""
        )

    [1] => Array
        (
            [attr_id] => 111
            [attr_name] => cwe
            [attr_def] => TEXT multi-line=1 min-length=1 max-length=1000 required=0 default=""
        )

    [2] => Array
        (
            [attr_id] => 109
            [attr_name] => target
            [attr_def] => TEXT multi-line=1 min-length=1 max-length=1000 required=0 default=""
        )

)

log (Wednesday 22nd of July 2020 01:03:16 PM): coucou = Array
log (Wednesday 22nd of July 2020 01:03:16 PM): getAttributeTypesForIssueType = Array
(
    [0] => Array
        (
            [attr_id] => 110
            [attr_name] => cve
            [attr_def] => TEXT multi-line=1 min-length=1 max-length=1000 required=0 default=""
        )

    [1] => Array
        (
            [attr_id] => 111
            [attr_name] => cwe
            [attr_def] => TEXT multi-line=1 min-length=1 max-length=1000 required=0 default=""
        )

    [2] => Array
        (
            [attr_id] => 109
            [attr_name] => target
            [attr_def] => TEXT multi-line=1 min-length=1 max-length=1000 required=0 default=""
        )

)

log (Wednesday 22nd of July 2020 01:24:39 PM): coucou = Array
log (Wednesday 22nd of July 2020 01:24:39 PM): getAttributeTypesForIssueType = Array
(
    [0] => Array
        (
            [attr_id] => 110
            [attr_name] => cve
            [attr_def] => TEXT multi-line=1 min-length=1 max-length=1000 required=0 default=""
        )

    [1] => Array
        (
            [attr_id] => 111
            [attr_name] => cwe
            [attr_def] => TEXT multi-line=1 min-length=1 max-length=1000 required=0 default=""
        )

    [2] => Array
        (
            [attr_id] => 109
            [attr_name] => target
            [attr_def] => TEXT multi-line=1 min-length=1 max-length=1000 required=0 default=""
        )

)

log (Wednesday 22nd of July 2020 01:24:40 PM): coucou = Array
log (Wednesday 22nd of July 2020 01:24:40 PM): getAttributeTypesForIssueType = Array
(
    [0] => Array
        (
            [attr_id] => 110
            [attr_name] => cve
            [attr_def] => TEXT multi-line=1 min-length=1 max-length=1000 required=0 default=""
        )

    [1] => Array
        (
            [attr_id] => 111
            [attr_name] => cwe
            [attr_def] => TEXT multi-line=1 min-length=1 max-length=1000 required=0 default=""
        )

    [2] => Array
        (
            [attr_id] => 109
            [attr_name] => target
            [attr_def] => TEXT multi-line=1 min-length=1 max-length=1000 required=0 default=""
        )

)

log (Wednesday 22nd of July 2020 01:24:41 PM): coucou = Array
log (Wednesday 22nd of July 2020 01:24:41 PM): getAttributeTypesForIssueType = Array
(
    [0] => Array
        (
            [attr_id] => 110
            [attr_name] => cve
            [attr_def] => TEXT multi-line=1 min-length=1 max-length=1000 required=0 default=""
        )

    [1] => Array
        (
            [attr_id] => 111
            [attr_name] => cwe
            [attr_def] => TEXT multi-line=1 min-length=1 max-length=1000 required=0 default=""
        )

    [2] => Array
        (
            [attr_id] => 109
            [attr_name] => target
            [attr_def] => TEXT multi-line=1 min-length=1 max-length=1000 required=0 default=""
        )

)

log (Wednesday 22nd of July 2020 01:24:41 PM): coucou = Array
log (Wednesday 22nd of July 2020 01:24:41 PM): getAttributeTypesForIssueType = Array
(
    [0] => Array
        (
            [attr_id] => 110
            [attr_name] => cve
            [attr_def] => TEXT multi-line=1 min-length=1 max-length=1000 required=0 default=""
        )

    [1] => Array
        (
            [attr_id] => 111
            [attr_name] => cwe
            [attr_def] => TEXT multi-line=1 min-length=1 max-length=1000 required=0 default=""
        )

    [2] => Array
        (
            [attr_id] => 109
            [attr_name] => target
            [attr_def] => TEXT multi-line=1 min-length=1 max-length=1000 required=0 default=""
        )

)

log (Wednesday 22nd of July 2020 01:24:42 PM): coucou = Array
log (Wednesday 22nd of July 2020 01:24:42 PM): getAttributeTypesForIssueType = Array
(
    [0] => Array
        (
            [attr_id] => 110
            [attr_name] => cve
            [attr_def] => TEXT multi-line=1 min-length=1 max-length=1000 required=0 default=""
        )

    [1] => Array
        (
            [attr_id] => 111
            [attr_name] => cwe
            [attr_def] => TEXT multi-line=1 min-length=1 max-length=1000 required=0 default=""
        )

    [2] => Array
        (
            [attr_id] => 109
            [attr_name] => target
            [attr_def] => TEXT multi-line=1 min-length=1 max-length=1000 required=0 default=""
        )

)

log (Wednesday 22nd of July 2020 01:24:42 PM): coucou = Array
log (Wednesday 22nd of July 2020 01:24:42 PM): getAttributeTypesForIssueType = Array
(
    [0] => Array
        (
            [attr_id] => 110
            [attr_name] => cve
            [attr_def] => TEXT multi-line=1 min-length=1 max-length=1000 required=0 default=""
        )

    [1] => Array
        (
            [attr_id] => 111
            [attr_name] => cwe
            [attr_def] => TEXT multi-line=1 min-length=1 max-length=1000 required=0 default=""
        )

    [2] => Array
        (
            [attr_id] => 109
            [attr_name] => target
            [attr_def] => TEXT multi-line=1 min-length=1 max-length=1000 required=0 default=""
        )

)

log (Wednesday 22nd of July 2020 01:24:43 PM): coucou = Array
log (Wednesday 22nd of July 2020 01:24:43 PM): getAttributeTypesForIssueType = Array
(
    [0] => Array
        (
            [attr_id] => 110
            [attr_name] => cve
            [attr_def] => TEXT multi-line=1 min-length=1 max-length=1000 required=0 default=""
        )

    [1] => Array
        (
            [attr_id] => 111
            [attr_name] => cwe
            [attr_def] => TEXT multi-line=1 min-length=1 max-length=1000 required=0 default=""
        )

    [2] => Array
        (
            [attr_id] => 109
            [attr_name] => target
            [attr_def] => TEXT multi-line=1 min-length=1 max-length=1000 required=0 default=""
        )

)

log (Wednesday 22nd of July 2020 01:24:44 PM): coucou = Array
log (Wednesday 22nd of July 2020 01:24:44 PM): getAttributeTypesForIssueType = Array
(
    [0] => Array
        (
            [attr_id] => 110
            [attr_name] => cve
            [attr_def] => TEXT multi-line=1 min-length=1 max-length=1000 required=0 default=""
        )

    [1] => Array
        (
            [attr_id] => 111
            [attr_name] => cwe
            [attr_def] => TEXT multi-line=1 min-length=1 max-length=1000 required=0 default=""
        )

    [2] => Array
        (
            [attr_id] => 109
            [attr_name] => target
            [attr_def] => TEXT multi-line=1 min-length=1 max-length=1000 required=0 default=""
        )

)

log (Wednesday 22nd of July 2020 01:24:45 PM): coucou = Array
log (Wednesday 22nd of July 2020 01:24:45 PM): getAttributeTypesForIssueType = Array
(
    [0] => Array
        (
            [attr_id] => 110
            [attr_name] => cve
            [attr_def] => TEXT multi-line=1 min-length=1 max-length=1000 required=0 default=""
        )

    [1] => Array
        (
            [attr_id] => 111
            [attr_name] => cwe
            [attr_def] => TEXT multi-line=1 min-length=1 max-length=1000 required=0 default=""
        )

    [2] => Array
        (
            [attr_id] => 109
            [attr_name] => target
            [attr_def] => TEXT multi-line=1 min-length=1 max-length=1000 required=0 default=""
        )

)

log (Wednesday 22nd of July 2020 01:24:46 PM): coucou = Array
log (Wednesday 22nd of July 2020 01:24:46 PM): getAttributeTypesForIssueType = Array
(
    [0] => Array
        (
            [attr_id] => 110
            [attr_name] => cve
            [attr_def] => TEXT multi-line=1 min-length=1 max-length=1000 required=0 default=""
        )

    [1] => Array
        (
            [attr_id] => 111
            [attr_name] => cwe
            [attr_def] => TEXT multi-line=1 min-length=1 max-length=1000 required=0 default=""
        )

    [2] => Array
        (
            [attr_id] => 109
            [attr_name] => target
            [attr_def] => TEXT multi-line=1 min-length=1 max-length=1000 required=0 default=""
        )

)

log (Wednesday 22nd of July 2020 01:25:56 PM): coucou = Array
log (Wednesday 22nd of July 2020 01:25:56 PM): getAttributeTypesForIssueType = Array
(
    [0] => Array
        (
            [attr_id] => 110
            [attr_name] => cve
            [attr_def] => TEXT multi-line=1 min-length=1 max-length=1000 required=0 default=""
        )

    [1] => Array
        (
            [attr_id] => 111
            [attr_name] => cwe
            [attr_def] => TEXT multi-line=1 min-length=1 max-length=1000 required=0 default=""
        )

    [2] => Array
        (
            [attr_id] => 109
            [attr_name] => target
            [attr_def] => TEXT multi-line=1 min-length=1 max-length=1000 required=0 default=""
        )

)

log (Wednesday 22nd of July 2020 01:25:57 PM): coucou = Array
log (Wednesday 22nd of July 2020 01:25:57 PM): getAttributeTypesForIssueType = Array
(
    [0] => Array
        (
            [attr_id] => 110
            [attr_name] => cve
            [attr_def] => TEXT multi-line=1 min-length=1 max-length=1000 required=0 default=""
        )

    [1] => Array
        (
            [attr_id] => 111
            [attr_name] => cwe
            [attr_def] => TEXT multi-line=1 min-length=1 max-length=1000 required=0 default=""
        )

    [2] => Array
        (
            [attr_id] => 109
            [attr_name] => target
            [attr_def] => TEXT multi-line=1 min-length=1 max-length=1000 required=0 default=""
        )

)

log (Wednesday 22nd of July 2020 01:25:57 PM): coucou = Array
log (Wednesday 22nd of July 2020 01:25:57 PM): getAttributeTypesForIssueType = Array
(
    [0] => Array
        (
            [attr_id] => 110
            [attr_name] => cve
            [attr_def] => TEXT multi-line=1 min-length=1 max-length=1000 required=0 default=""
        )

    [1] => Array
        (
            [attr_id] => 111
            [attr_name] => cwe
            [attr_def] => TEXT multi-line=1 min-length=1 max-length=1000 required=0 default=""
        )

    [2] => Array
        (
            [attr_id] => 109
            [attr_name] => target
            [attr_def] => TEXT multi-line=1 min-length=1 max-length=1000 required=0 default=""
        )

)

log (Wednesday 22nd of July 2020 01:25:57 PM): coucou = Array
log (Wednesday 22nd of July 2020 01:25:57 PM): getAttributeTypesForIssueType = Array
(
    [0] => Array
        (
            [attr_id] => 110
            [attr_name] => cve
            [attr_def] => TEXT multi-line=1 min-length=1 max-length=1000 required=0 default=""
        )

    [1] => Array
        (
            [attr_id] => 111
            [attr_name] => cwe
            [attr_def] => TEXT multi-line=1 min-length=1 max-length=1000 required=0 default=""
        )

    [2] => Array
        (
            [attr_id] => 109
            [attr_name] => target
            [attr_def] => TEXT multi-line=1 min-length=1 max-length=1000 required=0 default=""
        )

)

log (Wednesday 22nd of July 2020 01:25:57 PM): coucou = Array
log (Wednesday 22nd of July 2020 01:25:57 PM): getAttributeTypesForIssueType = Array
(
    [0] => Array
        (
            [attr_id] => 110
            [attr_name] => cve
            [attr_def] => TEXT multi-line=1 min-length=1 max-length=1000 required=0 default=""
        )

    [1] => Array
        (
            [attr_id] => 111
            [attr_name] => cwe
            [attr_def] => TEXT multi-line=1 min-length=1 max-length=1000 required=0 default=""
        )

    [2] => Array
        (
            [attr_id] => 109
            [attr_name] => target
            [attr_def] => TEXT multi-line=1 min-length=1 max-length=1000 required=0 default=""
        )

)

log (Wednesday 22nd of July 2020 01:25:57 PM): coucou = Array
log (Wednesday 22nd of July 2020 01:25:57 PM): getAttributeTypesForIssueType = Array
(
    [0] => Array
        (
            [attr_id] => 110
            [attr_name] => cve
            [attr_def] => TEXT multi-line=1 min-length=1 max-length=1000 required=0 default=""
        )

    [1] => Array
        (
            [attr_id] => 111
            [attr_name] => cwe
            [attr_def] => TEXT multi-line=1 min-length=1 max-length=1000 required=0 default=""
        )

    [2] => Array
        (
            [attr_id] => 109
            [attr_name] => target
            [attr_def] => TEXT multi-line=1 min-length=1 max-length=1000 required=0 default=""
        )

)

log (Wednesday 22nd of July 2020 01:25:57 PM): coucou = Array
log (Wednesday 22nd of July 2020 01:25:57 PM): getAttributeTypesForIssueType = Array
(
    [0] => Array
        (
            [attr_id] => 110
            [attr_name] => cve
            [attr_def] => TEXT multi-line=1 min-length=1 max-length=1000 required=0 default=""
        )

    [1] => Array
        (
            [attr_id] => 111
            [attr_name] => cwe
            [attr_def] => TEXT multi-line=1 min-length=1 max-length=1000 required=0 default=""
        )

    [2] => Array
        (
            [attr_id] => 109
            [attr_name] => target
            [attr_def] => TEXT multi-line=1 min-length=1 max-length=1000 required=0 default=""
        )

)

log (Wednesday 22nd of July 2020 01:25:57 PM): coucou = Array
log (Wednesday 22nd of July 2020 01:25:57 PM): getAttributeTypesForIssueType = Array
(
    [0] => Array
        (
            [attr_id] => 110
            [attr_name] => cve
            [attr_def] => TEXT multi-line=1 min-length=1 max-length=1000 required=0 default=""
        )

    [1] => Array
        (
            [attr_id] => 111
            [attr_name] => cwe
            [attr_def] => TEXT multi-line=1 min-length=1 max-length=1000 required=0 default=""
        )

    [2] => Array
        (
            [attr_id] => 109
            [attr_name] => target
            [attr_def] => TEXT multi-line=1 min-length=1 max-length=1000 required=0 default=""
        )

)

log (Wednesday 22nd of July 2020 01:25:57 PM): coucou = Array
log (Wednesday 22nd of July 2020 01:25:57 PM): getAttributeTypesForIssueType = Array
(
    [0] => Array
        (
            [attr_id] => 110
            [attr_name] => cve
            [attr_def] => TEXT multi-line=1 min-length=1 max-length=1000 required=0 default=""
        )

    [1] => Array
        (
            [attr_id] => 111
            [attr_name] => cwe
            [attr_def] => TEXT multi-line=1 min-length=1 max-length=1000 required=0 default=""
        )

    [2] => Array
        (
            [attr_id] => 109
            [attr_name] => target
            [attr_def] => TEXT multi-line=1 min-length=1 max-length=1000 required=0 default=""
        )

)

log (Wednesday 22nd of July 2020 01:25:58 PM): coucou = Array
log (Wednesday 22nd of July 2020 01:25:58 PM): getAttributeTypesForIssueType = Array
(
    [0] => Array
        (
            [attr_id] => 110
            [attr_name] => cve
            [attr_def] => TEXT multi-line=1 min-length=1 max-length=1000 required=0 default=""
        )

    [1] => Array
        (
            [attr_id] => 111
            [attr_name] => cwe
            [attr_def] => TEXT multi-line=1 min-length=1 max-length=1000 required=0 default=""
        )

    [2] => Array
        (
            [attr_id] => 109
            [attr_name] => target
            [attr_def] => TEXT multi-line=1 min-length=1 max-length=1000 required=0 default=""
        )

)

